<?xml version="1.0" encoding="UTF-8"?>
<testng-results skipped="0" failed="0" ignored="0" total="1" passed="1">
  <reporter-output>
  </reporter-output>
  <suite name="Default suite" duration-ms="53783" started-at="2021-01-17T01:08:45Z" finished-at="2021-01-17T01:09:39Z">
    <groups>
    </groups>
    <test name="Default test" duration-ms="53783" started-at="2021-01-17T01:08:45Z" finished-at="2021-01-17T01:09:39Z">
      <class name="appiumtest.appiumBaseClass">
        <test-method status="PASS" signature="setup()[pri:0, instance:appiumtest.appiumBaseClass@657c8ad9]" name="setup" is-config="true" duration-ms="53701" started-at="2021-01-17T01:08:45Z" finished-at="2021-01-17T01:09:39Z">
          <reporter-output>
          </reporter-output>
        </test-method> <!-- setup -->
        <test-method status="PASS" signature="testClass()[pri:0, instance:appiumtest.appiumBaseClass@657c8ad9]" name="testClass" duration-ms="24" started-at="2021-01-17T01:09:39Z" finished-at="2021-01-17T01:09:39Z">
          <reporter-output>
          </reporter-output>
        </test-method> <!-- testClass -->
        <test-method status="PASS" signature="tearDown()[pri:0, instance:appiumtest.appiumBaseClass@657c8ad9]" name="tearDown" is-config="true" duration-ms="1" started-at="2021-01-17T01:09:39Z" finished-at="2021-01-17T01:09:39Z">
          <reporter-output>
          </reporter-output>
        </test-method> <!-- tearDown -->
      </class> <!-- appiumtest.appiumBaseClass -->
    </test> <!-- Default test -->
  </suite> <!-- Default suite -->
</testng-results>
